TN:
SF:server.js
FN:22,(anonymous_0)
FN:31,(anonymous_1)
FN:41,(anonymous_2)
FN:55,(anonymous_3)
FN:70,generateUniqueHexId
FN:90,initializeDatabase
FN:98,(anonymous_6)
FN:121,initializeDirectories
FN:140,loadDatabase
FN:158,saveDatabase
FN:174,createBackup
FN:242,listBackups
FN:306,(anonymous_12)
FN:314,getFolderSize
FN:333,restoreFromBackup
FN:406,cleanOldBackups
FN:409,(anonymous_16)
FN:434,exportToJavaScript
FN:445,(anonymous_18)
FN:467,(anonymous_19)
FN:467,(anonymous_20)
FN:474,(anonymous_21)
FN:474,(anonymous_22)
FN:492,(anonymous_23)
FN:506,(anonymous_24)
FN:516,(anonymous_25)
FN:593,(anonymous_26)
FN:628,(anonymous_27)
FN:679,(anonymous_28)
FN:722,(anonymous_29)
FN:804,(anonymous_30)
FN:806,(anonymous_31)
FN:816,(anonymous_32)
FN:821,(anonymous_33)
FN:822,(anonymous_34)
FN:835,(anonymous_35)
FN:852,(anonymous_36)
FN:989,(anonymous_37)
FN:1016,(anonymous_38)
FN:1041,(anonymous_39)
FN:1055,(anonymous_40)
FN:1081,(anonymous_41)
FN:1116,(anonymous_42)
FN:1121,(anonymous_43)
FN:1140,startServer
FN:1147,(anonymous_45)
FNF:46
FNH:0
FNDA:0,(anonymous_0)
FNDA:0,(anonymous_1)
FNDA:0,(anonymous_2)
FNDA:0,(anonymous_3)
FNDA:0,generateUniqueHexId
FNDA:0,initializeDatabase
FNDA:0,(anonymous_6)
FNDA:0,initializeDirectories
FNDA:0,loadDatabase
FNDA:0,saveDatabase
FNDA:0,createBackup
FNDA:0,listBackups
FNDA:0,(anonymous_12)
FNDA:0,getFolderSize
FNDA:0,restoreFromBackup
FNDA:0,cleanOldBackups
FNDA:0,(anonymous_16)
FNDA:0,exportToJavaScript
FNDA:0,(anonymous_18)
FNDA:0,(anonymous_19)
FNDA:0,(anonymous_20)
FNDA:0,(anonymous_21)
FNDA:0,(anonymous_22)
FNDA:0,(anonymous_23)
FNDA:0,(anonymous_24)
FNDA:0,(anonymous_25)
FNDA:0,(anonymous_26)
FNDA:0,(anonymous_27)
FNDA:0,(anonymous_28)
FNDA:0,(anonymous_29)
FNDA:0,(anonymous_30)
FNDA:0,(anonymous_31)
FNDA:0,(anonymous_32)
FNDA:0,(anonymous_33)
FNDA:0,(anonymous_34)
FNDA:0,(anonymous_35)
FNDA:0,(anonymous_36)
FNDA:0,(anonymous_37)
FNDA:0,(anonymous_38)
FNDA:0,(anonymous_39)
FNDA:0,(anonymous_40)
FNDA:0,(anonymous_41)
FNDA:0,(anonymous_42)
FNDA:0,(anonymous_43)
FNDA:0,startServer
FNDA:0,(anonymous_45)
DA:1,0
DA:2,0
DA:3,0
DA:4,0
DA:5,0
DA:6,0
DA:8,0
DA:9,0
DA:12,0
DA:13,0
DA:14,0
DA:15,0
DA:18,0
DA:21,0
DA:23,0
DA:24,0
DA:25,0
DA:26,0
DA:28,0
DA:32,0
DA:34,0
DA:38,0
DA:42,0
DA:43,0
DA:44,0
DA:46,0
DA:52,0
DA:56,0
DA:57,0
DA:59,0
DA:65,0
DA:66,0
DA:67,0
DA:72,0
DA:73,0
DA:75,0
DA:77,0
DA:78,0
DA:80,0
DA:81,0
DA:86,0
DA:91,0
DA:92,0
DA:95,0
DA:96,0
DA:97,0
DA:98,0
DA:99,0
DA:100,0
DA:101,0
DA:103,0
DA:107,0
DA:108,0
DA:109,0
DA:110,0
DA:113,0
DA:115,0
DA:116,0
DA:122,0
DA:129,0
DA:130,0
DA:131,0
DA:132,0
DA:134,0
DA:141,0
DA:142,0
DA:143,0
DA:146,0
DA:147,0
DA:150,0
DA:152,0
DA:153,0
DA:159,0
DA:161,0
DA:165,0
DA:166,0
DA:167,0
DA:169,0
DA:175,0
DA:176,0
DA:177,0
DA:178,0
DA:179,0
DA:180,0
DA:181,0
DA:183,0
DA:193,0
DA:194,0
DA:195,0
DA:198,0
DA:199,0
DA:202,0
DA:203,0
DA:205,0
DA:206,0
DA:207,0
DA:208,0
DA:209,0
DA:210,0
DA:213,0
DA:214,0
DA:215,0
DA:218,0
DA:223,0
DA:226,0
DA:227,0
DA:230,0
DA:237,0
DA:238,0
DA:243,0
DA:244,0
DA:245,0
DA:246,0
DA:248,0
DA:250,0
DA:251,0
DA:253,0
DA:255,0
DA:256,0
DA:257,0
DA:258,0
DA:261,0
DA:262,0
DA:263,0
DA:264,0
DA:265,0
DA:267,0
DA:270,0
DA:281,0
DA:283,0
DA:285,0
DA:286,0
DA:287,0
DA:289,0
DA:300,0
DA:306,0
DA:308,0
DA:309,0
DA:315,0
DA:316,0
DA:317,0
DA:318,0
DA:319,0
DA:320,0
DA:321,0
DA:322,0
DA:323,0
DA:324,0
DA:328,0
DA:330,0
DA:334,0
DA:335,0
DA:336,0
DA:339,0
DA:340,0
DA:343,0
DA:345,0
DA:347,0
DA:348,0
DA:349,0
DA:350,0
DA:353,0
DA:354,0
DA:355,0
DA:357,0
DA:358,0
DA:360,0
DA:361,0
DA:362,0
DA:363,0
DA:365,0
DA:366,0
DA:368,0
DA:372,0
DA:374,0
DA:380,0
DA:381,0
DA:385,0
DA:389,0
DA:391,0
DA:392,0
DA:394,0
DA:401,0
DA:402,0
DA:407,0
DA:408,0
DA:409,0
DA:411,0
DA:412,0
DA:414,0
DA:415,0
DA:417,0
DA:419,0
DA:422,0
DA:425,0
DA:429,0
DA:435,0
DA:436,0
DA:437,0
DA:438,0
DA:439,0
DA:441,0
DA:442,0
DA:443,0
DA:445,0
DA:446,0
DA:447,0
DA:448,0
DA:450,0
DA:451,0
DA:453,0
DA:454,0
DA:455,0
DA:456,0
DA:459,0
DA:460,0
DA:461,0
DA:462,0
DA:463,0
DA:465,0
DA:466,0
DA:467,0
DA:468,0
DA:472,0
DA:473,0
DA:474,0
DA:475,0
DA:479,0
DA:480,0
DA:482,0
DA:483,0
DA:485,0
DA:492,0
DA:493,0
DA:506,0
DA:507,0
DA:508,0
DA:509,0
DA:511,0
DA:516,0
DA:517,0
DA:518,0
DA:519,0
DA:525,0
DA:528,0
DA:529,0
DA:530,0
DA:533,0
DA:534,0
DA:535,0
DA:536,0
DA:537,0
DA:538,0
DA:542,0
DA:564,0
DA:565,0
DA:567,0
DA:569,0
DA:587,0
DA:588,0
DA:593,0
DA:594,0
DA:595,0
DA:597,0
DA:598,0
DA:602,0
DA:603,0
DA:606,0
DA:607,0
DA:609,0
DA:610,0
DA:612,0
DA:614,0
DA:622,0
DA:623,0
DA:628,0
DA:629,0
DA:630,0
DA:632,0
DA:633,0
DA:636,0
DA:637,0
DA:640,0
DA:641,0
DA:642,0
DA:645,0
DA:646,0
DA:648,0
DA:652,0
DA:653,0
DA:654,0
DA:660,0
DA:662,0
DA:664,0
DA:673,0
DA:674,0
DA:679,0
DA:680,0
DA:681,0
DA:682,0
DA:685,0
DA:686,0
DA:687,0
DA:689,0
DA:692,0
DA:694,0
DA:695,0
DA:696,0
DA:699,0
DA:700,0
DA:701,0
DA:702,0
DA:704,0
DA:708,0
DA:709,0
DA:711,0
DA:713,0
DA:716,0
DA:717,0
DA:722,0
DA:723,0
DA:724,0
DA:725,0
DA:726,0
DA:728,0
DA:729,0
DA:732,0
DA:733,0
DA:739,0
DA:742,0
DA:743,0
DA:744,0
DA:745,0
DA:748,0
DA:749,0
DA:750,0
DA:751,0
DA:753,0
DA:756,0
DA:757,0
DA:761,0
DA:781,0
DA:782,0
DA:784,0
DA:786,0
DA:798,0
DA:799,0
DA:804,0
DA:805,0
DA:806,0
DA:807,0
DA:808,0
DA:809,0
DA:816,0
DA:817,0
DA:818,0
DA:819,0
DA:820,0
DA:821,0
DA:822,0
DA:828,0
DA:830,0
DA:835,0
DA:836,0
DA:837,0
DA:838,0
DA:839,0
DA:841,0
DA:847,0
DA:852,0
DA:853,0
DA:854,0
DA:856,0
DA:857,0
DA:861,0
DA:864,0
DA:867,0
DA:868,0
DA:870,0
DA:874,0
DA:875,0
DA:878,0
DA:879,0
DA:880,0
DA:882,0
DA:883,0
DA:884,0
DA:885,0
DA:888,0
DA:889,0
DA:891,0
DA:892,0
DA:898,0
DA:899,0
DA:902,0
DA:905,0
DA:907,0
DA:908,0
DA:909,0
DA:917,0
DA:926,0
DA:949,0
DA:950,0
DA:951,0
DA:954,0
DA:960,0
DA:964,0
DA:966,0
DA:974,0
DA:976,0
DA:983,0
DA:984,0
DA:989,0
DA:990,0
DA:991,0
DA:992,0
DA:994,0
DA:1001,0
DA:1002,0
DA:1004,0
DA:1005,0
DA:1008,0
DA:1009,0
DA:1016,0
DA:1017,0
DA:1018,0
DA:1019,0
DA:1021,0
DA:1022,0
DA:1029,0
DA:1035,0
DA:1036,0
DA:1041,0
DA:1042,0
DA:1043,0
DA:1044,0
DA:1049,0
DA:1050,0
DA:1055,0
DA:1056,0
DA:1057,0
DA:1058,0
DA:1060,0
DA:1062,0
DA:1063,0
DA:1069,0
DA:1075,0
DA:1076,0
DA:1081,0
DA:1082,0
DA:1083,0
DA:1084,0
DA:1087,0
DA:1089,0
DA:1091,0
DA:1093,0
DA:1094,0
DA:1097,0
DA:1098,0
DA:1101,0
DA:1106,0
DA:1107,0
DA:1109,0
DA:1110,0
DA:1116,0
DA:1117,0
DA:1121,0
DA:1122,0
DA:1123,0
DA:1124,0
DA:1130,0
DA:1131,0
DA:1136,0
DA:1141,0
DA:1142,0
DA:1145,0
DA:1147,0
DA:1148,0
DA:1172,0
DA:1176,0
LF:480
LH:0
BRDA:32,0,0,0
BRDA:32,0,1,0
BRDA:43,1,0,0
BRDA:43,1,1,0
BRDA:56,2,0,0
BRDA:56,2,1,0
BRDA:56,3,0,0
BRDA:56,3,1,0
BRDA:70,4,0,0
BRDA:80,5,0,0
BRDA:80,5,1,0
BRDA:84,6,0,0
BRDA:84,6,1,0
BRDA:95,7,0,0
BRDA:95,7,1,0
BRDA:96,8,0,0
BRDA:96,8,1,0
BRDA:100,9,0,0
BRDA:100,9,1,0
BRDA:107,10,0,0
BRDA:107,10,1,0
BRDA:146,11,0,0
BRDA:146,11,1,0
BRDA:162,12,0,0
BRDA:162,12,1,0
BRDA:174,13,0,0
BRDA:187,14,0,0
BRDA:187,14,1,0
BRDA:188,15,0,0
BRDA:188,15,1,0
BRDA:205,16,0,0
BRDA:205,16,1,0
BRDA:206,17,0,0
BRDA:206,17,1,0
BRDA:226,18,0,0
BRDA:226,18,1,0
BRDA:253,19,0,0
BRDA:253,19,1,0
BRDA:253,20,0,0
BRDA:253,20,1,0
BRDA:275,21,0,0
BRDA:275,21,1,0
BRDA:283,22,0,0
BRDA:283,22,1,0
BRDA:283,23,0,0
BRDA:283,23,1,0
BRDA:283,23,2,0
BRDA:294,24,0,0
BRDA:294,24,1,0
BRDA:321,25,0,0
BRDA:321,25,1,0
BRDA:323,26,0,0
BRDA:323,26,1,0
BRDA:345,27,0,0
BRDA:345,27,1,0
BRDA:350,28,0,0
BRDA:350,28,1,0
BRDA:353,29,0,0
BRDA:353,29,1,0
BRDA:386,30,0,0
BRDA:386,30,1,0
BRDA:411,31,0,0
BRDA:411,31,1,0
BRDA:417,32,0,0
BRDA:417,32,1,0
BRDA:441,33,0,0
BRDA:441,33,1,0
BRDA:448,34,0,0
BRDA:448,34,1,0
BRDA:450,35,0,0
BRDA:450,35,1,0
BRDA:455,36,0,0
BRDA:455,36,1,0
BRDA:465,37,0,0
BRDA:465,37,1,0
BRDA:472,38,0,0
BRDA:472,38,1,0
BRDA:528,39,0,0
BRDA:528,39,1,0
BRDA:534,40,0,0
BRDA:534,40,1,0
BRDA:537,41,0,0
BRDA:537,41,1,0
BRDA:559,42,0,0
BRDA:559,42,1,0
BRDA:560,43,0,0
BRDA:560,43,1,0
BRDA:597,44,0,0
BRDA:597,44,1,0
BRDA:597,45,0,0
BRDA:597,45,1,0
BRDA:632,46,0,0
BRDA:632,46,1,0
BRDA:632,47,0,0
BRDA:632,47,1,0
BRDA:636,48,0,0
BRDA:636,48,1,0
BRDA:694,49,0,0
BRDA:694,49,1,0
BRDA:699,50,0,0
BRDA:699,50,1,0
BRDA:728,51,0,0
BRDA:728,51,1,0
BRDA:743,52,0,0
BRDA:743,52,1,0
BRDA:748,53,0,0
BRDA:748,53,1,0
BRDA:748,54,0,0
BRDA:748,54,1,0
BRDA:756,55,0,0
BRDA:756,55,1,0
BRDA:764,56,0,0
BRDA:764,56,1,0
BRDA:765,57,0,0
BRDA:765,57,1,0
BRDA:766,58,0,0
BRDA:766,58,1,0
BRDA:767,59,0,0
BRDA:767,59,1,0
BRDA:768,60,0,0
BRDA:768,60,1,0
BRDA:769,61,0,0
BRDA:769,61,1,0
BRDA:771,62,0,0
BRDA:771,62,1,0
BRDA:772,63,0,0
BRDA:772,63,1,0
BRDA:772,64,0,0
BRDA:772,64,1,0
BRDA:773,65,0,0
BRDA:773,65,1,0
BRDA:774,66,0,0
BRDA:774,66,1,0
BRDA:775,67,0,0
BRDA:775,67,1,0
BRDA:776,68,0,0
BRDA:776,68,1,0
BRDA:777,69,0,0
BRDA:777,69,1,0
BRDA:807,70,0,0
BRDA:807,70,1,0
BRDA:838,71,0,0
BRDA:838,71,1,0
BRDA:856,72,0,0
BRDA:856,72,1,0
BRDA:874,73,0,0
BRDA:874,73,1,0
BRDA:874,74,0,0
BRDA:874,74,1,0
BRDA:879,75,0,0
BRDA:879,75,1,0
BRDA:891,76,0,0
BRDA:891,76,1,0
BRDA:891,77,0,0
BRDA:891,77,1,0
BRDA:891,77,2,0
BRDA:894,78,0,0
BRDA:894,78,1,0
BRDA:905,79,0,0
BRDA:905,79,1,0
BRDA:929,80,0,0
BRDA:929,80,1,0
BRDA:930,81,0,0
BRDA:930,81,1,0
BRDA:931,82,0,0
BRDA:931,82,1,0
BRDA:932,83,0,0
BRDA:932,83,1,0
BRDA:933,84,0,0
BRDA:933,84,1,0
BRDA:934,85,0,0
BRDA:934,85,1,0
BRDA:935,86,0,0
BRDA:935,86,1,0
BRDA:936,87,0,0
BRDA:936,87,1,0
BRDA:937,88,0,0
BRDA:937,88,1,0
BRDA:938,89,0,0
BRDA:938,89,1,0
BRDA:939,90,0,0
BRDA:939,90,1,0
BRDA:940,91,0,0
BRDA:940,91,1,0
BRDA:941,92,0,0
BRDA:941,92,1,0
BRDA:942,93,0,0
BRDA:942,93,1,0
BRDA:943,94,0,0
BRDA:943,94,1,0
BRDA:944,95,0,0
BRDA:944,95,1,0
BRDA:945,96,0,0
BRDA:945,96,1,0
BRDA:956,97,0,0
BRDA:956,97,1,0
BRDA:997,98,0,0
BRDA:997,98,1,0
BRDA:998,99,0,0
BRDA:998,99,1,0
BRDA:1021,100,0,0
BRDA:1021,100,1,0
BRDA:1062,101,0,0
BRDA:1062,101,1,0
BRDA:1091,102,0,0
BRDA:1091,102,1,0
BRDA:1106,103,0,0
BRDA:1106,103,1,0
BRDA:1122,104,0,0
BRDA:1122,104,1,0
BRDA:1123,105,0,0
BRDA:1123,105,1,0
BRDA:1130,106,0,0
BRDA:1130,106,1,0
BRF:214
BRH:0
end_of_record
TN:
SF:src/domain/entities/Character.js
FN:36,(anonymous_0)
FN:87,(anonymous_1)
FN:99,(anonymous_2)
FN:107,(anonymous_3)
FN:133,(anonymous_4)
FN:177,(anonymous_5)
FN:181,(anonymous_6)
FN:185,(anonymous_7)
FN:189,(anonymous_8)
FN:193,(anonymous_9)
FN:197,(anonymous_10)
FN:201,(anonymous_11)
FN:205,(anonymous_12)
FN:209,(anonymous_13)
FN:213,(anonymous_14)
FN:217,(anonymous_15)
FN:221,(anonymous_16)
FN:225,(anonymous_17)
FN:229,(anonymous_18)
FN:238,(anonymous_19)
FN:264,(anonymous_20)
FN:288,(anonymous_21)
FN:302,(anonymous_22)
FN:316,(anonymous_23)
FN:331,(anonymous_24)
FN:350,(anonymous_25)
FN:364,(anonymous_26)
FN:372,(anonymous_27)
FN:380,(anonymous_28)
FN:388,(anonymous_29)
FN:410,(anonymous_30)
FN:438,(anonymous_31)
FN:447,(anonymous_32)
FN:458,(anonymous_33)
FNF:34
FNH:0
FNDA:0,(anonymous_0)
FNDA:0,(anonymous_1)
FNDA:0,(anonymous_2)
FNDA:0,(anonymous_3)
FNDA:0,(anonymous_4)
FNDA:0,(anonymous_5)
FNDA:0,(anonymous_6)
FNDA:0,(anonymous_7)
FNDA:0,(anonymous_8)
FNDA:0,(anonymous_9)
FNDA:0,(anonymous_10)
FNDA:0,(anonymous_11)
FNDA:0,(anonymous_12)
FNDA:0,(anonymous_13)
FNDA:0,(anonymous_14)
FNDA:0,(anonymous_15)
FNDA:0,(anonymous_16)
FNDA:0,(anonymous_17)
FNDA:0,(anonymous_18)
FNDA:0,(anonymous_19)
FNDA:0,(anonymous_20)
FNDA:0,(anonymous_21)
FNDA:0,(anonymous_22)
FNDA:0,(anonymous_23)
FNDA:0,(anonymous_24)
FNDA:0,(anonymous_25)
FNDA:0,(anonymous_26)
FNDA:0,(anonymous_27)
FNDA:0,(anonymous_28)
FNDA:0,(anonymous_29)
FNDA:0,(anonymous_30)
FNDA:0,(anonymous_31)
FNDA:0,(anonymous_32)
FNDA:0,(anonymous_33)
DA:21,0
DA:31,0
DA:32,0
DA:33,0
DA:34,0
DA:49,0
DA:54,0
DA:55,0
DA:56,0
DA:57,0
DA:58,0
DA:59,0
DA:62,0
DA:63,0
DA:64,0
DA:67,0
DA:76,0
DA:79,0
DA:88,0
DA:100,0
DA:108,0
DA:109,0
DA:112,0
DA:113,0
DA:116,0
DA:117,0
DA:120,0
DA:121,0
DA:124,0
DA:125,0
DA:135,0
DA:136,0
DA:141,0
DA:142,0
DA:148,0
DA:149,0
DA:155,0
DA:156,0
DA:163,0
DA:164,0
DA:167,0
DA:168,0
DA:171,0
DA:172,0
DA:178,0
DA:182,0
DA:186,0
DA:190,0
DA:194,0
DA:198,0
DA:202,0
DA:206,0
DA:210,0
DA:214,0
DA:218,0
DA:222,0
DA:226,0
DA:230,0
DA:239,0
DA:256,0
DA:265,0
DA:266,0
DA:269,0
DA:276,0
DA:289,0
DA:290,0
DA:292,0
DA:303,0
DA:304,0
DA:306,0
DA:317,0
DA:318,0
DA:321,0
DA:332,0
DA:333,0
DA:336,0
DA:337,0
DA:340,0
DA:351,0
DA:352,0
DA:355,0
DA:365,0
DA:373,0
DA:381,0
DA:389,0
DA:411,0
DA:414,0
DA:439,0
DA:448,0
DA:449,0
DA:451,0
DA:459,0
LF:92
LH:0
BRDA:43,0,0,0
BRDA:44,1,0,0
BRDA:45,2,0,0
BRDA:46,3,0,0
BRDA:54,4,0,0
BRDA:54,4,1,0
BRDA:57,5,0,0
BRDA:57,5,1,0
BRDA:59,6,0,0
BRDA:59,6,1,0
BRDA:62,7,0,0
BRDA:62,7,1,0
BRDA:63,8,0,0
BRDA:63,8,1,0
BRDA:64,9,0,0
BRDA:64,9,1,0
BRDA:68,10,0,0
BRDA:68,10,1,0
BRDA:69,11,0,0
BRDA:69,11,1,0
BRDA:70,12,0,0
BRDA:70,12,1,0
BRDA:71,13,0,0
BRDA:71,13,1,0
BRDA:108,14,0,0
BRDA:108,14,1,0
BRDA:112,15,0,0
BRDA:112,15,1,0
BRDA:112,16,0,0
BRDA:112,16,1,0
BRDA:116,17,0,0
BRDA:116,17,1,0
BRDA:116,18,0,0
BRDA:116,18,1,0
BRDA:116,18,2,0
BRDA:120,19,0,0
BRDA:120,19,1,0
BRDA:124,20,0,0
BRDA:124,20,1,0
BRDA:124,21,0,0
BRDA:124,21,1,0
BRDA:135,22,0,0
BRDA:135,22,1,0
BRDA:141,23,0,0
BRDA:141,23,1,0
BRDA:148,24,0,0
BRDA:148,24,1,0
BRDA:148,25,0,0
BRDA:148,25,1,0
BRDA:155,26,0,0
BRDA:155,26,1,0
BRDA:163,27,0,0
BRDA:163,27,1,0
BRDA:167,28,0,0
BRDA:167,28,1,0
BRDA:171,29,0,0
BRDA:171,29,1,0
BRDA:241,30,0,0
BRDA:241,30,1,0
BRDA:242,31,0,0
BRDA:242,31,1,0
BRDA:243,32,0,0
BRDA:243,32,1,0
BRDA:244,33,0,0
BRDA:244,33,1,0
BRDA:245,34,0,0
BRDA:245,34,1,0
BRDA:246,35,0,0
BRDA:246,35,1,0
BRDA:247,36,0,0
BRDA:247,36,1,0
BRDA:248,37,0,0
BRDA:248,37,1,0
BRDA:264,38,0,0
BRDA:265,39,0,0
BRDA:265,39,1,0
BRDA:270,40,0,0
BRDA:270,40,1,0
BRDA:271,41,0,0
BRDA:271,41,1,0
BRDA:272,42,0,0
BRDA:272,42,1,0
BRDA:279,43,0,0
BRDA:279,43,1,0
BRDA:317,44,0,0
BRDA:317,44,1,0
BRDA:332,45,0,0
BRDA:332,45,1,0
BRDA:336,46,0,0
BRDA:336,46,1,0
BRDA:351,47,0,0
BRDA:351,47,1,0
BRDA:448,48,0,0
BRDA:448,48,1,0
BRF:94
BRH:0
end_of_record
TN:
SF:src/domain/repositories/CharacterRepository.js
FN:18,(anonymous_0)
FN:27,(anonymous_1)
FN:37,(anonymous_2)
FN:47,(anonymous_3)
FN:57,(anonymous_4)
FN:67,(anonymous_5)
FN:76,(anonymous_6)
FN:87,(anonymous_7)
FN:97,(anonymous_8)
FN:107,(anonymous_9)
FN:116,(anonymous_10)
FN:126,(anonymous_11)
FN:136,(anonymous_12)
FN:146,(anonymous_13)
FN:155,(anonymous_14)
FN:165,(anonymous_15)
FNF:16
FNH:0
FNDA:0,(anonymous_0)
FNDA:0,(anonymous_1)
FNDA:0,(anonymous_2)
FNDA:0,(anonymous_3)
FNDA:0,(anonymous_4)
FNDA:0,(anonymous_5)
FNDA:0,(anonymous_6)
FNDA:0,(anonymous_7)
FNDA:0,(anonymous_8)
FNDA:0,(anonymous_9)
FNDA:0,(anonymous_10)
FNDA:0,(anonymous_11)
FNDA:0,(anonymous_12)
FNDA:0,(anonymous_13)
FNDA:0,(anonymous_14)
FNDA:0,(anonymous_15)
DA:19,0
DA:28,0
DA:38,0
DA:48,0
DA:58,0
DA:68,0
DA:77,0
DA:88,0
DA:98,0
DA:108,0
DA:117,0
DA:127,0
DA:137,0
DA:147,0
DA:156,0
DA:166,0
LF:16
LH:0
BRF:0
BRH:0
end_of_record
TN:
SF:src/domain/value-objects/CharacterId.js
FN:18,(anonymous_0)
FN:40,(anonymous_1)
FN:50,(anonymous_2)
FN:59,(anonymous_3)
FN:69,(anonymous_4)
FN:77,(anonymous_5)
FN:85,(anonymous_6)
FN:94,(anonymous_7)
FN:105,(anonymous_8)
FN:113,(anonymous_9)
FNF:10
FNH:10
FNDA:30,(anonymous_0)
FNDA:3,(anonymous_1)
FNDA:1,(anonymous_2)
FNDA:34,(anonymous_3)
FNDA:6,(anonymous_4)
FNDA:1,(anonymous_5)
FNDA:2,(anonymous_6)
FNDA:5,(anonymous_7)
FNDA:2,(anonymous_8)
FNDA:1,(anonymous_9)
DA:19,30
DA:20,3
DA:23,27
DA:25,27
DA:26,4
DA:32,23
DA:33,23
DA:41,3
DA:42,3
DA:51,1
DA:61,34
DA:62,34
DA:70,6
DA:78,1
DA:86,2
DA:95,5
DA:96,2
DA:98,3
DA:106,2
DA:114,1
LF:20
LH:20
BRDA:19,0,0,3
BRDA:19,0,1,27
BRDA:25,1,0,4
BRDA:25,1,1,23
BRDA:95,2,0,2
BRDA:95,2,1,3
BRF:6
BRH:6
end_of_record
TN:
SF:src/domain/value-objects/Stats.js
FN:16,(anonymous_0)
FN:33,(anonymous_1)
FN:44,(anonymous_2)
FN:57,(anonymous_3)
FN:90,(anonymous_4)
FN:126,(anonymous_5)
FN:130,(anonymous_6)
FN:134,(anonymous_7)
FN:138,(anonymous_8)
FN:146,(anonymous_9)
FN:154,(anonymous_10)
FN:162,(anonymous_11)
FN:171,(anonymous_12)
FN:185,(anonymous_13)
FN:198,(anonymous_14)
FN:211,(anonymous_15)
FN:220,(anonymous_16)
FN:237,(anonymous_17)
FNF:18
FNH:0
FNDA:0,(anonymous_0)
FNDA:0,(anonymous_1)
FNDA:0,(anonymous_2)
FNDA:0,(anonymous_3)
FNDA:0,(anonymous_4)
FNDA:0,(anonymous_5)
FNDA:0,(anonymous_6)
FNDA:0,(anonymous_7)
FNDA:0,(anonymous_8)
FNDA:0,(anonymous_9)
FNDA:0,(anonymous_10)
FNDA:0,(anonymous_11)
FNDA:0,(anonymous_12)
FNDA:0,(anonymous_13)
FNDA:0,(anonymous_14)
FNDA:0,(anonymous_15)
FNDA:0,(anonymous_16)
FNDA:0,(anonymous_17)
DA:17,0
DA:19,0
DA:20,0
DA:21,0
DA:22,0
DA:24,0
DA:25,0
DA:34,0
DA:45,0
DA:58,0
DA:59,0
DA:61,0
DA:62,0
DA:64,0
DA:65,0
DA:67,0
DA:68,0
DA:72,0
DA:73,0
DA:75,0
DA:76,0
DA:78,0
DA:79,0
DA:81,0
DA:82,0
DA:91,0
DA:92,0
DA:95,0
DA:96,0
DA:99,0
DA:100,0
DA:103,0
DA:104,0
DA:107,0
DA:108,0
DA:112,0
DA:113,0
DA:116,0
DA:117,0
DA:120,0
DA:121,0
DA:127,0
DA:131,0
DA:135,0
DA:139,0
DA:147,0
DA:155,0
DA:163,0
DA:172,0
DA:186,0
DA:199,0
DA:212,0
DA:221,0
DA:222,0
DA:225,0
DA:238,0
LF:56
LH:0
BRDA:58,0,0,0
BRDA:58,0,1,0
BRDA:58,1,0,0
BRDA:58,1,1,0
BRDA:58,1,2,0
BRDA:61,2,0,0
BRDA:61,2,1,0
BRDA:61,3,0,0
BRDA:61,3,1,0
BRDA:61,3,2,0
BRDA:64,4,0,0
BRDA:64,4,1,0
BRDA:64,5,0,0
BRDA:64,5,1,0
BRDA:64,5,2,0
BRDA:67,6,0,0
BRDA:67,6,1,0
BRDA:67,7,0,0
BRDA:67,7,1,0
BRDA:67,7,2,0
BRDA:72,8,0,0
BRDA:72,8,1,0
BRDA:75,9,0,0
BRDA:75,9,1,0
BRDA:78,10,0,0
BRDA:78,10,1,0
BRDA:81,11,0,0
BRDA:81,11,1,0
BRDA:91,12,0,0
BRDA:91,12,1,0
BRDA:95,13,0,0
BRDA:95,13,1,0
BRDA:99,14,0,0
BRDA:99,14,1,0
BRDA:103,15,0,0
BRDA:103,15,1,0
BRDA:107,16,0,0
BRDA:107,16,1,0
BRDA:112,17,0,0
BRDA:112,17,1,0
BRDA:116,18,0,0
BRDA:116,18,1,0
BRDA:120,19,0,0
BRDA:120,19,1,0
BRDA:187,20,0,0
BRDA:187,20,1,0
BRDA:188,21,0,0
BRDA:188,21,1,0
BRDA:189,22,0,0
BRDA:189,22,1,0
BRDA:190,23,0,0
BRDA:190,23,1,0
BRDA:221,24,0,0
BRDA:221,24,1,0
BRDA:226,25,0,0
BRDA:226,25,1,0
BRDA:226,25,2,0
BRDA:226,25,3,0
BRF:58
BRH:0
end_of_record
